<?xml version="1.0" encoding="UTF-8"?>
<!-- Generated by org.testng.reporters.JUnitReportReporter -->
<testsuite hostname="CELT120" failures="0" tests="2" name="testcases.AtomIQRegressionTest" time="62.652" errors="0" timestamp="2022-07-07T22:13:15 IST" skipped="0">
  <testcase classname="testcases.AtomIQRegressionTest" name="login" time="28.243"/>
  <system-out/>
  <testcase classname="testcases.AtomIQRegressionTest" name="datasetCreation" time="34.409"/>
  <system-out/>
</testsuite> <!-- testcases.AtomIQRegressionTest -->
