<?xml version="1.0" encoding="UTF-8"?>
<!-- Generated by org.testng.reporters.JUnitReportReporter -->
<testsuite hostname="CELT120" failures="0" tests="2" name="testcases.AtomIQRegressionTest" time="64.836" errors="0" timestamp="2022-07-07T22:35:18 IST" skipped="0">
  <testcase classname="testcases.AtomIQRegressionTest" name="login" time="26.714"/>
  <system-out/>
  <testcase classname="testcases.AtomIQRegressionTest" name="datasetCreation" time="38.122"/>
  <system-out/>
</testsuite> <!-- testcases.AtomIQRegressionTest -->
